0 15069
1 941
2 241
3 150
4 179
5 158
6 56
7 35
8 51
9 69
10 44
11 53
12 45
13 30
14 32
15 35
16 55
17 59
18 45
19 69
20 76
21 106
22 317
23 1037
24 163
25 68
26 62
27 39
28 45
29 82
30 72
31 81
32 96
33 178
34 70
35 57
36 113
37 100
38 82
39 141
40 136
41 562
42 164
43 137
44 87
45 74
46 92
47 49
48 97
49 40
50 99
51 47
52 48
53 47
54 123
55 100
56 37
57 45
58 55
59 56
60 87
61 54
62 94
63 167
64 54
65 58
66 78
67 78
68 64
69 88
70 88
71 90
72 89
73 65
74 71
75 76
76 74
77 99
78 99
79 100
80 80
81 96
82 90
83 101
84 89
85 203
86 146
87 173
88 108
89 96
90 89
91 64
92 54
93 44
94 29
95 36
96 22
97 16
98 19
99 29
100 23
101 18
102 15
103 15
104 18
105 11
106 14
107 16
108 13
109 14
110 13
111 17
112 14
113 8
114 13
115 14
116 14
117 13
118 10
119 12
120 14
121 10
122 12
123 10
124 13
125 5
126 7
127 75
128 13
129 9
130 9
131 5
132 8
133 7
134 10
135 12
136 11
137 5
138 10
139 11
140 6
141 7
142 8
143 11
144 6
145 9
146 7
147 15
148 6
149 10
150 12
151 10
152 9
153 6
154 12
155 6
156 9
157 8
158 10
159 13
160 8
161 9
162 13
163 13
164 15
165 15
166 13
167 11
168 8
169 6
170 14
171 13
172 13
173 7
174 13
175 10
176 11
177 13
178 8
179 14
180 16
181 8
182 16
183 11
184 10
185 10
186 7
187 5
188 13
189 11
190 11
191 7
192 16
193 4
194 4
195 9
196 9
197 2
198 7
199 5
200 3
201 10
202 6
203 6
204 5
205 6
206 3
207 5
208 6
209 11
210 5
211 4
212 4
213 4
214 13
215 4
216 3
217 3
218 11
219 7
220 2
221 7
222 14
223 4
224 4
225 7
226 4
227 10
228 3
229 7
230 0
231 7
232 5
233 8
234 6
235 1
236 7
237 5
238 5
239 8
240 6
241 11
242 9
243 8
244 4
245 1
246 5
247 8
248 4
249 7
250 3
251 2
252 3
253 2
254 3
255 59
